Line 26: Class MSDataGridLib.DataGrid of control DataGrid1 was not a loaded control class.
Line 91: Class MSAdodcLib.Adodc of control Adodc1 was not a loaded control class.
Line 145: Class MSComCtl2.DTPicker of control DTPicker1 was not a loaded control class.
Line 27: The property name Bindings in DataGrid1 is invalid.
Line 33: The property name _ExtentX in DataGrid1 is invalid.
Line 34: The property name _ExtentY in DataGrid1 is invalid.
Line 35: The property name _Version in DataGrid1 is invalid.
Line 36: The property name HeadLines in DataGrid1 is invalid.
Line 37: The property name RowHeight in DataGrid1 is invalid.
Line 46: The property name HeadFont in DataGrid1 is invalid.
Line 56: The property name ColumnCount in DataGrid1 is invalid.
Line 69: The property name Column00 in DataGrid1 is invalid.
Line 82: The property name Column01 in DataGrid1 is invalid.
Line 83: The property name SplitCount in DataGrid1 is invalid.
Line 89: The property name Split0 in DataGrid1 is invalid.
Line 96: The property name _ExtentX in Adodc1 is invalid.
Line 97: The property name _ExtentY in Adodc1 is invalid.
Line 98: The property name ConnectMode in Adodc1 is invalid.
Line 99: The property name CursorLocation in Adodc1 is invalid.
Line 100: The property name IsolationLevel in Adodc1 is invalid.
Line 101: The property name ConnectionTimeout in Adodc1 is invalid.
Line 102: The property name CommandTimeout in Adodc1 is invalid.
Line 103: The property name CursorType in Adodc1 is invalid.
Line 104: The property name LockType in Adodc1 is invalid.
Line 105: The property name CommandType in Adodc1 is invalid.
Line 106: The property name CursorOptions in Adodc1 is invalid.
Line 107: The property name CacheSize in Adodc1 is invalid.
Line 108: The property name MaxRecords in Adodc1 is invalid.
Line 109: The property name BOFAction in Adodc1 is invalid.
Line 110: The property name EOFAction in Adodc1 is invalid.
Line 111: The property name ConnectStringType in Adodc1 is invalid.
Line 115: The property name Orientation in Adodc1 is invalid.
Line 117: The property name Connect in Adodc1 is invalid.
Line 118: The property name OLEDBString in Adodc1 is invalid.
Line 119: The property name OLEDBFile in Adodc1 is invalid.
Line 120: The property name DataSourceName in Adodc1 is invalid.
Line 121: The property name OtherAttributes in Adodc1 is invalid.
Line 122: The property name UserName in Adodc1 is invalid.
Line 123: The property name Password in Adodc1 is invalid.
Line 124: The property name RecordSource in Adodc1 is invalid.
Line 125: The property name Caption in Adodc1 is invalid.
Line 135: The property name _Version in Adodc1 is invalid.
Line 151: The property name _ExtentX in DTPicker1 is invalid.
Line 152: The property name _ExtentY in DTPicker1 is invalid.
Line 153: The property name _Version in DTPicker1 is invalid.
Line 154: The property name Format in DTPicker1 is invalid.
Line 155: The property name CurrentDate in DTPicker1 is invalid.
